0 info it worked if it ends with ok
1 verbose cli [ 'c:\\Program Files\\nodejs\\node.exe',
1 verbose cli   'C:\\Users\\mr1kr\\AppData\\Roaming\\npm\\node_modules\\npm\\bin\\npm-cli.js',
1 verbose cli   'start' ]
2 info using npm@3.10.6
3 info using node@v6.3.1
4 verbose run-script [ 'prestart', 'start', 'poststart' ]
5 info lifecycle chat-express@0.0.0~prestart: chat-express@0.0.0
6 silly lifecycle chat-express@0.0.0~prestart: no script for prestart, continuing
7 info lifecycle chat-express@0.0.0~start: chat-express@0.0.0
8 verbose lifecycle chat-express@0.0.0~start: unsafe-perm in lifecycle true
9 verbose lifecycle chat-express@0.0.0~start: PATH: C:\Users\mr1kr\AppData\Roaming\npm\node_modules\npm\bin\node-gyp-bin;C:\Users\mr1kr\Documents\Web_For_Mass\Chappie.AdminBar\chat-express\node_modules\.bin;c:\Users\mr1kr\bin;.;C:\Program Files (x86)\Git\local\bin;C:\Program Files (x86)\Git\mingw\bin;C:\Program Files (x86)\Git\bin;c:\WINDOWS\system32;c:\WINDOWS;c:\WINDOWS\System32\Wbem;c:\WINDOWS\System32\WindowsPowerShell\v1.0\;c:\Ruby22-x64\bin;C:\Program Files (x86)\Git\cmd;c:\Program Files\Sublime Text 3;c:\Program Files (x86)\Skype\Phone\;c:\MongoDB\bin;c:\Python27;c:\Python27\Scripts;c:\Program Files\nodejs\;c:\Program Files (x86)\Heroku\bin;c:\Users\mr1kr\AppData\Roaming\npm
10 verbose lifecycle chat-express@0.0.0~start: CWD: C:\Users\mr1kr\Documents\Web_For_Mass\Chappie.AdminBar\chat-express
11 silly lifecycle chat-express@0.0.0~start: Args: [ '/d /s /c', 'node bin/www' ]
12 silly lifecycle chat-express@0.0.0~start: Returned: code: 1  signal: null
13 info lifecycle chat-express@0.0.0~start: Failed to exec start script
14 verbose stack Error: chat-express@0.0.0 start: `node bin/www`
14 verbose stack Exit status 1
14 verbose stack     at EventEmitter.<anonymous> (C:\Users\mr1kr\AppData\Roaming\npm\node_modules\npm\lib\utils\lifecycle.js:255:16)
14 verbose stack     at emitTwo (events.js:106:13)
14 verbose stack     at EventEmitter.emit (events.js:191:7)
14 verbose stack     at ChildProcess.<anonymous> (C:\Users\mr1kr\AppData\Roaming\npm\node_modules\npm\lib\utils\spawn.js:40:14)
14 verbose stack     at emitTwo (events.js:106:13)
14 verbose stack     at ChildProcess.emit (events.js:191:7)
14 verbose stack     at maybeClose (internal/child_process.js:852:16)
14 verbose stack     at Process.ChildProcess._handle.onexit (internal/child_process.js:215:5)
15 verbose pkgid chat-express@0.0.0
16 verbose cwd C:\Users\mr1kr\Documents\Web_For_Mass\Chappie.AdminBar\chat-express
17 error Windows_NT 10.0.10586
18 error argv "c:\\Program Files\\nodejs\\node.exe" "C:\\Users\\mr1kr\\AppData\\Roaming\\npm\\node_modules\\npm\\bin\\npm-cli.js" "start"
19 error node v6.3.1
20 error npm  v3.10.6
21 error code ELIFECYCLE
22 error chat-express@0.0.0 start: `node bin/www`
22 error Exit status 1
23 error Failed at the chat-express@0.0.0 start script 'node bin/www'.
23 error Make sure you have the latest version of node.js and npm installed.
23 error If you do, this is most likely a problem with the chat-express package,
23 error not with npm itself.
23 error Tell the author that this fails on your system:
23 error     node bin/www
23 error You can get information on how to open an issue for this project with:
23 error     npm bugs chat-express
23 error Or if that isn't available, you can get their info via:
23 error     npm owner ls chat-express
23 error There is likely additional logging output above.
24 verbose exit [ 1, true ]
